{"uuid":"42a6fbd0-bdb7-4b02-90ae-6176a3543027","historyId":"696064a5389f7d0ca95e6cc83c58e5a6","fullName":"example.BookingTest.bookingTest","labels":[{"name":"package","value":"example.BookingTest"},{"name":"testClass","value":"example.BookingTest"},{"name":"testMethod","value":"bookingTest"},{"name":"parentSuite","value":"Surefire suite"},{"name":"suite","value":"Surefire test"},{"name":"subSuite","value":"example.BookingTest"},{"name":"host","value":"DESKTOP-SHMN5S3"},{"name":"thread","value":"12696@DESKTOP-SHMN5S3.main(1)"},{"name":"framework","value":"testng"},{"name":"language","value":"java"}],"links":[],"name":"bookingTest","status":"failed","statusDetails":{"known":false,"muted":false,"flaky":false,"message":"Invalid element state [[data-filters-item='class:class=5']]: element click intercepted: Element <div data-filters-item=\"class:class=5\" class=\"a53cbfa6de ac9267e216 d8eb520c4e ebc3dd5b38 bae4cd9be8\">...</div> is not clickable at point (249, 658). Other element would receive the click: <div id=\"onetrust-banner-sdk\" class=\"otFlat bottom vertical-align-content ot-buttons-fw\" role=\"region\" aria-label=\"Cookie banner\" style=\"bottom: 0px;\">...</div>\r\nScreenshot: file:/C:/Users/Admin/Desktop/HM_3/demo/build/reports/tests/1734132849205.0.png\r\nPage source: file:/C:/Users/Admin/Desktop/HM_3/demo/build/reports/tests/1734132849205.0.html\r\nTimeout: 4 s.\r\nCaused by: ElementClickInterceptedException: element click intercepted: Element <div data-filters-item=\"class:class=5\" class=\"a53cbfa6de ac9267e216 d8eb520c4e ebc3dd5b38 bae4cd9be8\">...</div> is not clickable at point (249, 658). Other element would receive the click: <div id=\"onetrust-banner-sdk\" class=\"otFlat bottom vertical-align-content ot-buttons-fw\" role=\"region\" aria-label=\"Cookie banner\" style=\"bottom: 0px;\">...</div>","trace":"Invalid element state [[data-filters-item='class:class=5']]: element click intercepted: Element <div data-filters-item=\"class:class=5\" class=\"a53cbfa6de ac9267e216 d8eb520c4e ebc3dd5b38 bae4cd9be8\">...</div> is not clickable at point (249, 658). Other element would receive the click: <div id=\"onetrust-banner-sdk\" class=\"otFlat bottom vertical-align-content ot-buttons-fw\" role=\"region\" aria-label=\"Cookie banner\" style=\"bottom: 0px;\">...</div>\r\nScreenshot: file:/C:/Users/Admin/Desktop/HM_3/demo/build/reports/tests/1734132849205.0.png\r\nPage source: file:/C:/Users/Admin/Desktop/HM_3/demo/build/reports/tests/1734132849205.0.html\r\nTimeout: 4 s.\r\nCaused by: ElementClickInterceptedException: element click intercepted: Element <div data-filters-item=\"class:class=5\" class=\"a53cbfa6de ac9267e216 d8eb520c4e ebc3dd5b38 bae4cd9be8\">...</div> is not clickable at point (249, 658). Other element would receive the click: <div id=\"onetrust-banner-sdk\" class=\"otFlat bottom vertical-align-content ot-buttons-fw\" role=\"region\" aria-label=\"Cookie banner\" style=\"bottom: 0px;\">...</div>\r\n\tat com.codeborne.selenide.impl.ExceptionWrapper.wrap(ExceptionWrapper.java:26)\r\n\tat com.codeborne.selenide.impl.SelenideElementProxy.dispatchAndRetry(SelenideElementProxy.java:156)\r\n\tat com.codeborne.selenide.impl.SelenideElementProxy.invoke(SelenideElementProxy.java:86)\r\n\tat jdk.proxy2/jdk.proxy2.$Proxy9.click(Unknown Source)\r\n\tat example.example.SearchResultPage.applyFiveStarFilter(SearchResultPage.java:14)\r\n\tat example.BookingTest.bookingTest(BookingTest.java:30)\r\n\tat java.base/jdk.internal.reflect.DirectMethodHandleAccessor.invoke(DirectMethodHandleAccessor.java:103)\r\n\tat java.base/java.lang.reflect.Method.invoke(Method.java:580)\r\n\tat org.testng.internal.invokers.MethodInvocationHelper.invokeMethod(MethodInvocationHelper.java:139)\r\n\tat org.testng.internal.invokers.TestInvoker.invokeMethod(TestInvoker.java:677)\r\n\tat org.testng.internal.invokers.TestInvoker.invokeTestMethod(TestInvoker.java:221)\r\n\tat org.testng.internal.invokers.MethodRunner.runInSequence(MethodRunner.java:50)\r\n\tat org.testng.internal.invokers.TestInvoker$MethodInvocationAgent.invoke(TestInvoker.java:969)\r\n\tat org.testng.internal.invokers.TestInvoker.invokeTestMethods(TestInvoker.java:194)\r\n\tat org.testng.internal.invokers.TestMethodWorker.invokeTestMethods(TestMethodWorker.java:148)\r\n\tat org.testng.internal.invokers.TestMethodWorker.run(TestMethodWorker.java:128)\r\n\tat java.base/java.util.ArrayList.forEach(ArrayList.java:1597)\r\n\tat org.testng.TestRunner.privateRun(TestRunner.java:829)\r\n\tat org.testng.TestRunner.run(TestRunner.java:602)\r\n\tat org.testng.SuiteRunner.runTest(SuiteRunner.java:437)\r\n\tat org.testng.SuiteRunner.runSequentially(SuiteRunner.java:431)\r\n\tat org.testng.SuiteRunner.privateRun(SuiteRunner.java:391)\r\n\tat org.testng.SuiteRunner.run(SuiteRunner.java:330)\r\n\tat org.testng.SuiteRunnerWorker.runSuite(SuiteRunnerWorker.java:52)\r\n\tat org.testng.SuiteRunnerWorker.run(SuiteRunnerWorker.java:95)\r\n\tat org.testng.TestNG.runSuitesSequentially(TestNG.java:1256)\r\n\tat org.testng.TestNG.runSuitesLocally(TestNG.java:1176)\r\n\tat org.testng.TestNG.runSuites(TestNG.java:1099)\r\n\tat org.testng.TestNG.run(TestNG.java:1067)\r\n\tat org.apache.maven.surefire.testng.TestNGExecutor.run(TestNGExecutor.java:155)\r\n\tat org.apache.maven.surefire.testng.TestNGDirectoryTestSuite.executeSingleClass(TestNGDirectoryTestSuite.java:102)\r\n\tat org.apache.maven.surefire.testng.TestNGDirectoryTestSuite.execute(TestNGDirectoryTestSuite.java:91)\r\n\tat org.apache.maven.surefire.testng.TestNGProvider.invoke(TestNGProvider.java:137)\r\n\tat org.apache.maven.surefire.booter.ForkedBooter.runSuitesInProcess(ForkedBooter.java:385)\r\n\tat org.apache.maven.surefire.booter.ForkedBooter.execute(ForkedBooter.java:162)\r\n\tat org.apache.maven.surefire.booter.ForkedBooter.run(ForkedBooter.java:507)\r\n\tat org.apache.maven.surefire.booter.ForkedBooter.main(ForkedBooter.java:495)\r\nCaused by: org.openqa.selenium.ElementClickInterceptedException: element click intercepted: Element <div data-filters-item=\"class:class=5\" class=\"a53cbfa6de ac9267e216 d8eb520c4e ebc3dd5b38 bae4cd9be8\">...</div> is not clickable at point (249, 658). Other element would receive the click: <div id=\"onetrust-banner-sdk\" class=\"otFlat bottom vertical-align-content ot-buttons-fw\" role=\"region\" aria-label=\"Cookie banner\" style=\"bottom: 0px;\">...</div>\n  (Session info: chrome=131.0.6778.140)\nBuild info: version: '4.25.0', revision: '8a8aea2337'\nSystem info: os.name: 'Windows 10', os.arch: 'amd64', os.version: '10.0', java.version: '23.0.1'\nDriver info: org.openqa.selenium.chrome.ChromeDriver\nCommand: [105fb24f8f3ff0c84bec3786c3b7b33c, clickElement {id=f.35E1BE80C84EC2F8866B1D13A4352E65.d.28F92F22764B85BD9285460701DB6893.e.394}]\nCapabilities {acceptInsecureCerts: true, browserName: chrome, browserVersion: 131.0.6778.140, chrome: {chromedriverVersion: 131.0.6778.108 (3b014839fbc..., userDataDir: C:\\Users\\Admin\\AppData\\Loca...}, fedcm:accounts: true, goog:chromeOptions: {debuggerAddress: localhost:61538}, networkConnectionEnabled: false, pageLoadStrategy: normal, platformName: windows, proxy: Proxy(), se:cdp: ws://localhost:61538/devtoo..., se:cdpVersion: 131.0.6778.140, setWindowRect: true, strictFileInteractability: false, timeouts: {implicit: 0, pageLoad: 300000, script: 30000}, unhandledPromptBehavior: accept, webauthn:extension:credBlob: true, webauthn:extension:largeBlob: true, webauthn:extension:minPinLength: true, webauthn:extension:prf: true, webauthn:virtualAuthenticators: true}\nElement: [[ChromeDriver: chrome on windows (105fb24f8f3ff0c84bec3786c3b7b33c)] -> css selector: [data-filters-item='class:class=5']]\nSession ID: 105fb24f8f3ff0c84bec3786c3b7b33c\r\n\tat java.base/jdk.internal.reflect.DirectConstructorHandleAccessor.newInstance(DirectConstructorHandleAccessor.java:62)\r\n\tat java.base/java.lang.reflect.Constructor.newInstanceWithCaller(Constructor.java:501)\r\n\tat java.base/java.lang.reflect.Constructor.newInstance(Constructor.java:485)\r\n\tat org.openqa.selenium.remote.ErrorCodec.decode(ErrorCodec.java:167)\r\n\tat org.openqa.selenium.remote.codec.w3c.W3CHttpResponseCodec.decode(W3CHttpResponseCodec.java:138)\r\n\tat org.openqa.selenium.remote.codec.w3c.W3CHttpResponseCodec.decode(W3CHttpResponseCodec.java:50)\r\n\tat org.openqa.selenium.remote.HttpCommandExecutor.execute(HttpCommandExecutor.java:190)\r\n\tat org.openqa.selenium.remote.service.DriverCommandExecutor.invokeExecute(DriverCommandExecutor.java:216)\r\n\tat org.openqa.selenium.remote.service.DriverCommandExecutor.execute(DriverCommandExecutor.java:174)\r\n\tat org.openqa.selenium.remote.RemoteWebDriver.execute(RemoteWebDriver.java:545)\r\n\tat org.openqa.selenium.remote.RemoteWebElement.execute(RemoteWebElement.java:223)\r\n\tat org.openqa.selenium.remote.RemoteWebElement.click(RemoteWebElement.java:76)\r\n\tat com.codeborne.selenide.commands.Click.defaultClick(Click.java:106)\r\n\tat com.codeborne.selenide.commands.Click.doClick(Click.java:83)\r\n\tat com.codeborne.selenide.commands.Click.click(Click.java:59)\r\n\tat com.codeborne.selenide.commands.Click.execute(Click.java:34)\r\n\tat com.codeborne.selenide.commands.Click.execute(Click.java:26)\r\n\tat com.codeborne.selenide.commands.Commands.execute(Commands.java:162)\r\n\tat com.codeborne.selenide.impl.SelenideElementProxy.dispatchAndRetry(SelenideElementProxy.java:134)\r\n\t... 35 more\r\n"},"stage":"finished","description":"Проверка поиска и фильтрации отелей на Booking.com для города Анталья","steps":[],"attachments":[],"parameters":[],"start":1734132828545,"stop":1734132849524}