<?xml version="1.0" encoding="UTF-8"?>
<!-- Generated by org.testng.reporters.JUnitXMLReporter -->
<testsuite ignored="0" hostname="DESKTOP-SHMN5S3" failures="1" tests="1" name="Surefire test" time="18.417" errors="0" timestamp="2024-12-16T04:50:18 MSK">
  <testcase classname="example.BookingTest" name="bookingTest" time="18.345">
    <failure type="com.codeborne.selenide.ex.ElementNotFound" message="Element not found {#filter_group_class_\:r20\: &amp;gt; fieldset &amp;gt; div:nth-child(12) &amp;gt; label}
Expected: clickable: interactable and enabled
Page source: file:/C:/Users/Admin/Desktop/HM_3/demo/build/reports/tests/1734313818787.0.html
Timeout: 4 s.
Caused by: NoSuchWindowException: no such window: target window already closed">
      <![CDATA[Element not found {#filter_group_class_\:r20\: > fieldset > div:nth-child(12) > label}
Expected: clickable: interactable and enabled
Page source: file:/C:/Users/Admin/Desktop/HM_3/demo/build/reports/tests/1734313818787.0.html
Timeout: 4 s.
Caused by: NoSuchWindowException: no such window: target window already closed
at com.codeborne.selenide.impl.WebElementSource.createElementNotFoundError(WebElementSource.java:90)
at com.codeborne.selenide.impl.ElementFinder.createElementNotFoundError(ElementFinder.java:142)
at com.codeborne.selenide.impl.WebElementSource.handleError(WebElementSource.java:142)
at com.codeborne.selenide.impl.WebElementSource.checkConditionAndReturnElement(WebElementSource.java:126)
at com.codeborne.selenide.impl.WebElementSource.findAndAssertElementIsClickable(WebElementSource.java:178)
at com.codeborne.selenide.commands.Click.findElement(Click.java:53)
at com.codeborne.selenide.commands.Click.execute(Click.java:34)
at com.codeborne.selenide.commands.Click.execute(Click.java:26)
at com.codeborne.selenide.commands.Commands.execute(Commands.java:162)
at com.codeborne.selenide.impl.SelenideElementProxy.dispatchAndRetry(SelenideElementProxy.java:134)
at com.codeborne.selenide.impl.SelenideElementProxy.invoke(SelenideElementProxy.java:86)
at jdk.proxy2/jdk.proxy2.$Proxy9.click(Unknown Source)
at example.example.SearchResultPage.applyFiveStarFilter(SearchResultPage.java:13)
at example.BookingTest.bookingTest(BookingTest.java:31)
at java.base/java.util.ArrayList.forEach(ArrayList.java:1597)
Caused by: org.openqa.selenium.NoSuchWindowException: no such window: target window already closed
from unknown error: web view not found
  (Session info: chrome=131.0.6778.140)
Build info: version: '4.25.0', revision: '8a8aea2337'
System info: os.name: 'Windows 10', os.arch: 'amd64', os.version: '10.0', java.version: '23.0.1'
Driver info: org.openqa.selenium.chrome.ChromeDriver
Command: [683b7b82544a13edec101df677bb13b3, findElement {using=css selector, value=#filter_group_class_\:r20\: > fieldset > div:nth-child(12) > label}]
Capabilities {acceptInsecureCerts: true, browserName: chrome, browserVersion: 131.0.6778.140, chrome: {chromedriverVersion: 131.0.6778.108 (3b014839fbc..., userDataDir: C:\Users\Admin\AppData\Loca...}, fedcm:accounts: true, goog:chromeOptions: {debuggerAddress: localhost:58001}, networkConnectionEnabled: false, pageLoadStrategy: normal, platformName: windows, proxy: Proxy(), se:cdp: ws://localhost:58001/devtoo..., se:cdpVersion: 131.0.6778.140, setWindowRect: true, strictFileInteractability: false, timeouts: {implicit: 0, pageLoad: 300000, script: 30000}, unhandledPromptBehavior: accept, webauthn:extension:credBlob: true, webauthn:extension:largeBlob: true, webauthn:extension:minPinLength: true, webauthn:extension:prf: true, webauthn:virtualAuthenticators: true}
Session ID: 683b7b82544a13edec101df677bb13b3
at org.openqa.selenium.remote.ErrorCodec.decode(ErrorCodec.java:167)
at org.openqa.selenium.remote.codec.w3c.W3CHttpResponseCodec.decode(W3CHttpResponseCodec.java:138)
at org.openqa.selenium.remote.codec.w3c.W3CHttpResponseCodec.decode(W3CHttpResponseCodec.java:50)
at org.openqa.selenium.remote.HttpCommandExecutor.execute(HttpCommandExecutor.java:190)
at org.openqa.selenium.remote.service.DriverCommandExecutor.invokeExecute(DriverCommandExecutor.java:216)
at org.openqa.selenium.remote.service.DriverCommandExecutor.execute(DriverCommandExecutor.java:174)
at org.openqa.selenium.remote.RemoteWebDriver.execute(RemoteWebDriver.java:545)
at org.openqa.selenium.remote.ElementLocation$ElementFinder$2.findElement(ElementLocation.java:165)
at org.openqa.selenium.remote.ElementLocation.findElement(ElementLocation.java:59)
at org.openqa.selenium.remote.RemoteWebDriver.findElement(RemoteWebDriver.java:368)
at org.openqa.selenium.remote.RemoteWebDriver.findElement(RemoteWebDriver.java:362)
at com.codeborne.selenide.impl.WebElementSelector.findElement(WebElementSelector.java:73)
at com.codeborne.selenide.impl.WebElementSelector.findElement(WebElementSelector.java:46)
at com.codeborne.selenide.impl.WebElementSelector.findElement(WebElementSelector.java:35)
at com.codeborne.selenide.impl.ElementFinder.getWebElement(ElementFinder.java:122)
at com.codeborne.selenide.impl.WebElementSource.checkConditionAndReturnElement(WebElementSource.java:115)
... 41 more
... Removed 33 stack frames]]>
    </failure>
  </testcase> <!-- bookingTest -->
</testsuite> <!-- Surefire test -->
